  Azure Sphere Utility version 19.2.4.2632
  Copyright (C) Microsoft Corporation. All rights reserved.
   
  Start time (UTC): Thursday, 21 March 2019 16:00:33 
  verbose: Creating image package. 
  verbose: Azure Sphere application image package written. 
  verbose: Appending metadata. 
  verbose: Wrote metadata:
    Section: Identity
      Image Type:           Application
      Component ID:         e6a97882-1268-4c6e-bba8-a2d1612378e2
      Image ID:             4bbe60f3-d415-454f-ad72-4ae7ef0f8942
    Section: Signature
      Signing Type:         ECDsa256
      Cert:                 a8d5cc6958f48710140d7a26160fc1cfc31f5df0
    Section: Debug
      Image Name:           click_demo
      Built On (UTC):       3/21/2019 4:00:34 PM
      Built On (Local):     3/21/2019 12:00:34 PM
    Section: Temporary Image
      Remove image at boot: False
      Under development:    True
    Section: ABI Depends
      Depends on:           ApplicationRuntime, version 1
   
  verbose: Packaging completed successfully. 
  verbose: Output file is at: C:\Users\043674\source\repos\jflynn129\clickmodules\SPHERE_MT3620\click_demo\click_demo\bin\ARM\Debug\click_demo.imagepackage 
  Command completed successfully in 00:00:00.5781643. 
