  Azure Sphere Utility version 19.2.4.2632
  Copyright (C) Microsoft Corporation. All rights reserved.
   
  Start time (UTC): Thursday, 21 March 2019 16:28:08 
  verbose: Creating image package. 
  verbose: Azure Sphere application image package written. 
  verbose: Appending metadata. 
  verbose: Wrote metadata:
    Section: Identity
      Image Type:           Application
      Component ID:         b9ce68be-70ec-485c-837f-5592f481846c
      Image ID:             ec496805-51ed-44cb-973a-6a738671447c
    Section: Signature
      Signing Type:         ECDsa256
      Cert:                 a8d5cc6958f48710140d7a26160fc1cfc31f5df0
    Section: Debug
      Image Name:           tof_demo
      Built On (UTC):       3/21/2019 4:28:08 PM
      Built On (Local):     3/21/2019 12:28:08 PM
    Section: Temporary Image
      Remove image at boot: False
      Under development:    True
    Section: ABI Depends
      Depends on:           ApplicationRuntime, version 1
   
  verbose: Packaging completed successfully. 
  verbose: Output file is at: C:\Users\043674\source\repos\jflynn129\clickmodules\SPHERE_MT3620\tof_demo\tof_demo\bin\ARM\Debug\tof_demo.imagepackage 
  Command completed successfully in 00:00:00.5754939. 
